<?xml version="1.0" encoding="UTF-8"?>
<!-- Generated by org.testng.reporters.JUnitReportReporter -->
<testsuite hostname="INAXVKL0D19Z8RU" name="org.chengcai.day02.Regist01Test" tests="22" failures="0" timestamp="19 Aug 2020 06:40:58 GMT" time="0.809" errors="0">
  <testcase name="loginGet" time="0.012" classname="org.chengcai.day02.Regist01Test"/>
  <testcase name="loginGet" time="0.014" classname="org.chengcai.day02.Regist01Test"/>
  <testcase name="loginGet" time="0.008" classname="org.chengcai.day02.Regist01Test"/>
  <testcase name="loginGet" time="0.010" classname="org.chengcai.day02.Regist01Test"/>
  <testcase name="loginGet" time="0.012" classname="org.chengcai.day02.Regist01Test"/>
  <testcase name="loginGet" time="0.018" classname="org.chengcai.day02.Regist01Test"/>
  <testcase name="loginGet" time="0.026" classname="org.chengcai.day02.Regist01Test"/>
  <testcase name="loginGet" time="0.019" classname="org.chengcai.day02.Regist01Test"/>
  <testcase name="loginGet" time="0.008" classname="org.chengcai.day02.Regist01Test"/>
  <testcase name="loginGet" time="0.010" classname="org.chengcai.day02.Regist01Test"/>
  <testcase name="loginGet" time="0.028" classname="org.chengcai.day02.Regist01Test"/>
  <testcase name="loginGet" time="0.009" classname="org.chengcai.day02.Regist01Test"/>
  <testcase name="loginGet" time="0.018" classname="org.chengcai.day02.Regist01Test"/>
  <testcase name="loginGet" time="0.008" classname="org.chengcai.day02.Regist01Test"/>
  <testcase name="loginGet" time="0.013" classname="org.chengcai.day02.Regist01Test"/>
  <testcase name="loginGet" time="0.012" classname="org.chengcai.day02.Regist01Test"/>
  <testcase name="loginGet" time="0.008" classname="org.chengcai.day02.Regist01Test"/>
  <testcase name="loginGet" time="0.009" classname="org.chengcai.day02.Regist01Test"/>
  <testcase name="loginGet" time="0.021" classname="org.chengcai.day02.Regist01Test"/>
  <testcase name="loginGet" time="0.009" classname="org.chengcai.day02.Regist01Test"/>
  <testcase name="loginGet" time="0.010" classname="org.chengcai.day02.Regist01Test"/>
  <testcase name="loginGet" time="0.527" classname="org.chengcai.day02.Regist01Test"/>
</testsuite> <!-- org.chengcai.day02.Regist01Test -->
