<?xml version="1.0" encoding="UTF-8"?>
<!-- Generated by org.testng.reporters.JUnitReportReporter -->
<testsuite hostname="INAXVKL0D19Z8RU" name="org.chengcai.day05.tokenlogin10Test" tests="7" failures="0" timestamp="26 Aug 2020 06:27:30 GMT" time="34.343" errors="0">
  <testcase name="tokenPost" time="2.416" classname="org.chengcai.day05.tokenlogin10Test"/>
  <testcase name="tokenPost" time="2.623" classname="org.chengcai.day05.tokenlogin10Test"/>
  <testcase name="tokenPost" time="15.898" classname="org.chengcai.day05.tokenlogin10Test"/>
  <testcase name="tokenPost" time="2.367" classname="org.chengcai.day05.tokenlogin10Test"/>
  <testcase name="tokenPost" time="4.691" classname="org.chengcai.day05.tokenlogin10Test"/>
  <testcase name="tokenPost" time="2.517" classname="org.chengcai.day05.tokenlogin10Test"/>
  <testcase name="tokenPost" time="3.831" classname="org.chengcai.day05.tokenlogin10Test"/>
</testsuite> <!-- org.chengcai.day05.tokenlogin10Test -->
