<?xml version="1.0" encoding="UTF-8"?>
<!-- Generated by org.testng.reporters.JUnitReportReporter -->
<testsuite hostname="INAXVKL0D19Z8RU" name="org.chengcai.day05.TokenUpdate02Test" tests="9" failures="0" timestamp="26 Aug 2020 07:19:42 GMT" time="53.854" errors="0">
  <testcase name="updateTest" time="2.992" classname="org.chengcai.day05.TokenUpdate02Test"/>
  <testcase name="updateTest" time="2.639" classname="org.chengcai.day05.TokenUpdate02Test"/>
  <testcase name="updateTest" time="4.072" classname="org.chengcai.day05.TokenUpdate02Test"/>
  <testcase name="updateTest" time="7.333" classname="org.chengcai.day05.TokenUpdate02Test"/>
  <testcase name="updateTest" time="6.581" classname="org.chengcai.day05.TokenUpdate02Test"/>
  <testcase name="updateTest" time="2.850" classname="org.chengcai.day05.TokenUpdate02Test"/>
  <testcase name="updateTest" time="10.730" classname="org.chengcai.day05.TokenUpdate02Test"/>
  <testcase name="updateTest" time="11.138" classname="org.chengcai.day05.TokenUpdate02Test"/>
  <testcase name="updateTest" time="5.519" classname="org.chengcai.day05.TokenUpdate02Test"/>
</testsuite> <!-- org.chengcai.day05.TokenUpdate02Test -->
