<?xml version="1.0" encoding="UTF-8"?>
<!-- Generated by org.testng.reporters.JUnitReportReporter -->
<testsuite hostname="INAXVKL0D19Z8RU" name="org.chengcai.day01.Login001Test" tests="2" failures="0" timestamp="18 Aug 2020 11:03:19 GMT" time="0.382" errors="0">
  <testcase name="loginPost" time="0.010" classname="org.chengcai.day01.Login001Test"/>
  <testcase name="loginGet" time="0.372" classname="org.chengcai.day01.Login001Test"/>
</testsuite> <!-- org.chengcai.day01.Login001Test -->
