<?xml version="1.0" encoding="UTF-8"?>
<!-- Generated by org.testng.reporters.JUnitReportReporter -->
<testsuite hostname="INAXVKL0D19Z8RU" name="org.chengcai.day02.Regist05Test" tests="5" failures="0" timestamp="20 Aug 2020 11:49:28 GMT" time="0.646" errors="0">
  <testcase name="loginPost" time="0.023" classname="org.chengcai.day02.Regist05Test"/>
  <testcase name="loginPost" time="0.543" classname="org.chengcai.day02.Regist05Test"/>
  <testcase name="loginPost" time="0.027" classname="org.chengcai.day02.Regist05Test"/>
  <testcase name="loginPost" time="0.026" classname="org.chengcai.day02.Regist05Test"/>
  <testcase name="loginPost" time="0.027" classname="org.chengcai.day02.Regist05Test"/>
</testsuite> <!-- org.chengcai.day02.Regist05Test -->
