<?xml version="1.0" encoding="UTF-8"?>
<!-- Generated by org.testng.reporters.JUnitReportReporter -->
<testsuite hostname="INAXVKL0D19Z8RU" name="org.chengcai.day01.Login004Test" tests="5" failures="0" timestamp="26 Aug 2020 07:37:36 GMT" time="12.334" errors="0">
  <testcase name="loginPost" time="0.215" classname="org.chengcai.day01.Login004Test"/>
  <testcase name="loginPost" time="8.859" classname="org.chengcai.day01.Login004Test"/>
  <testcase name="loginPost" time="0.435" classname="org.chengcai.day01.Login004Test"/>
  <testcase name="loginPost" time="1.500" classname="org.chengcai.day01.Login004Test"/>
  <testcase name="loginPost" time="1.325" classname="org.chengcai.day01.Login004Test"/>
</testsuite> <!-- org.chengcai.day01.Login004Test -->
