<?xml version="1.0" encoding="UTF-8"?>
<!-- Generated by org.testng.reporters.JUnitReportReporter -->
<testsuite hostname="INAXVKL0D19Z8RU" name="org.chengcai.day01.Login003Test" tests="5" failures="0" timestamp="18 Aug 2020 10:00:10 GMT" time="0.342" errors="0">
  <testcase name="loginPost" time="0.010" classname="org.chengcai.day01.Login003Test"/>
  <testcase name="loginPost" time="0.017" classname="org.chengcai.day01.Login003Test"/>
  <testcase name="loginPost" time="0.300" classname="org.chengcai.day01.Login003Test"/>
  <testcase name="loginPost" time="0.009" classname="org.chengcai.day01.Login003Test"/>
  <testcase name="loginPost" time="0.006" classname="org.chengcai.day01.Login003Test"/>
</testsuite> <!-- org.chengcai.day01.Login003Test -->
