<?xml version="1.0" encoding="UTF-8"?>
<!-- Generated by org.testng.reporters.JUnitReportReporter -->
<testsuite hostname="INAXVKL0D19Z8RU" name="org.chengcai.day05.TokenentryAccount01Test" tests="3" failures="0" timestamp="26 Aug 2020 06:50:44 GMT" time="33.000" errors="0">
  <testcase name="updateTest" time="9.264" classname="org.chengcai.day05.TokenentryAccount01Test"/>
  <testcase name="updateTest" time="13.299" classname="org.chengcai.day05.TokenentryAccount01Test"/>
  <testcase name="updateTest" time="10.437" classname="org.chengcai.day05.TokenentryAccount01Test"/>
</testsuite> <!-- org.chengcai.day05.TokenentryAccount01Test -->
