<?xml version="1.0" encoding="UTF-8"?>
<!-- Generated by org.testng.reporters.JUnitReportReporter -->
<testsuite hostname="INAXVKL0D19Z8RU" name="org.chengcai.day02.Regist02Test" tests="22" failures="0" timestamp="19 Aug 2020 06:57:24 GMT" time="0.763" errors="0">
  <testcase name="loginGet" time="0.008" classname="org.chengcai.day02.Regist02Test"/>
  <testcase name="loginGet" time="0.007" classname="org.chengcai.day02.Regist02Test"/>
  <testcase name="loginGet" time="0.008" classname="org.chengcai.day02.Regist02Test"/>
  <testcase name="loginGet" time="0.009" classname="org.chengcai.day02.Regist02Test"/>
  <testcase name="loginGet" time="0.010" classname="org.chengcai.day02.Regist02Test"/>
  <testcase name="loginGet" time="0.015" classname="org.chengcai.day02.Regist02Test"/>
  <testcase name="loginGet" time="0.010" classname="org.chengcai.day02.Regist02Test"/>
  <testcase name="loginGet" time="0.534" classname="org.chengcai.day02.Regist02Test"/>
  <testcase name="loginGet" time="0.013" classname="org.chengcai.day02.Regist02Test"/>
  <testcase name="loginGet" time="0.011" classname="org.chengcai.day02.Regist02Test"/>
  <testcase name="loginGet" time="0.017" classname="org.chengcai.day02.Regist02Test"/>
  <testcase name="loginGet" time="0.019" classname="org.chengcai.day02.Regist02Test"/>
  <testcase name="loginGet" time="0.009" classname="org.chengcai.day02.Regist02Test"/>
  <testcase name="loginGet" time="0.018" classname="org.chengcai.day02.Regist02Test"/>
  <testcase name="loginGet" time="0.008" classname="org.chengcai.day02.Regist02Test"/>
  <testcase name="loginGet" time="0.009" classname="org.chengcai.day02.Regist02Test"/>
  <testcase name="loginGet" time="0.011" classname="org.chengcai.day02.Regist02Test"/>
  <testcase name="loginGet" time="0.010" classname="org.chengcai.day02.Regist02Test"/>
  <testcase name="loginGet" time="0.007" classname="org.chengcai.day02.Regist02Test"/>
  <testcase name="loginGet" time="0.007" classname="org.chengcai.day02.Regist02Test"/>
  <testcase name="loginGet" time="0.014" classname="org.chengcai.day02.Regist02Test"/>
  <testcase name="loginGet" time="0.009" classname="org.chengcai.day02.Regist02Test"/>
</testsuite> <!-- org.chengcai.day02.Regist02Test -->
