<?xml version="1.0" encoding="UTF-8"?>
<!-- Generated by org.testng.reporters.JUnitReportReporter -->
<testsuite hostname="INAXVKL0D19Z8RU" name="org.chengcai.day02.Regist03Test" tests="22" failures="0" timestamp="19 Aug 2020 08:59:12 GMT" time="0.922" errors="0">
  <testcase name="loginGet" time="0.017" classname="org.chengcai.day02.Regist03Test"/>
  <testcase name="loginGet" time="0.011" classname="org.chengcai.day02.Regist03Test"/>
  <testcase name="loginGet" time="0.018" classname="org.chengcai.day02.Regist03Test"/>
  <testcase name="loginGet" time="0.017" classname="org.chengcai.day02.Regist03Test"/>
  <testcase name="loginGet" time="0.012" classname="org.chengcai.day02.Regist03Test"/>
  <testcase name="loginGet" time="0.020" classname="org.chengcai.day02.Regist03Test"/>
  <testcase name="loginGet" time="0.010" classname="org.chengcai.day02.Regist03Test"/>
  <testcase name="loginGet" time="0.013" classname="org.chengcai.day02.Regist03Test"/>
  <testcase name="loginGet" time="0.013" classname="org.chengcai.day02.Regist03Test"/>
  <testcase name="loginGet" time="0.021" classname="org.chengcai.day02.Regist03Test"/>
  <testcase name="loginGet" time="0.024" classname="org.chengcai.day02.Regist03Test"/>
  <testcase name="loginGet" time="0.017" classname="org.chengcai.day02.Regist03Test"/>
  <testcase name="loginGet" time="0.559" classname="org.chengcai.day02.Regist03Test"/>
  <testcase name="loginGet" time="0.021" classname="org.chengcai.day02.Regist03Test"/>
  <testcase name="loginGet" time="0.049" classname="org.chengcai.day02.Regist03Test"/>
  <testcase name="loginGet" time="0.011" classname="org.chengcai.day02.Regist03Test"/>
  <testcase name="loginGet" time="0.011" classname="org.chengcai.day02.Regist03Test"/>
  <testcase name="loginGet" time="0.011" classname="org.chengcai.day02.Regist03Test"/>
  <testcase name="loginGet" time="0.026" classname="org.chengcai.day02.Regist03Test"/>
  <testcase name="loginGet" time="0.009" classname="org.chengcai.day02.Regist03Test"/>
  <testcase name="loginGet" time="0.013" classname="org.chengcai.day02.Regist03Test"/>
  <testcase name="loginGet" time="0.019" classname="org.chengcai.day02.Regist03Test"/>
</testsuite> <!-- org.chengcai.day02.Regist03Test -->
