<?xml version="1.0" encoding="UTF-8"?>
<!-- Generated by org.testng.reporters.JUnitReportReporter -->
<testsuite hostname="INAXVKL0D19Z8RU" name="org.chengcai.day02.RegistPost10Test" tests="6" failures="0" timestamp="26 Aug 2020 07:26:29 GMT" time="20.436" errors="0">
  <testcase name="loginPost" time="3.933" classname="org.chengcai.day02.RegistPost10Test"/>
  <testcase name="loginPost" time="8.779" classname="org.chengcai.day02.RegistPost10Test"/>
  <testcase name="loginPost" time="1.352" classname="org.chengcai.day02.RegistPost10Test"/>
  <testcase name="loginPost" time="3.489" classname="org.chengcai.day02.RegistPost10Test"/>
  <testcase name="loginPost" time="1.337" classname="org.chengcai.day02.RegistPost10Test"/>
  <testcase name="loginPost" time="1.546" classname="org.chengcai.day02.RegistPost10Test"/>
</testsuite> <!-- org.chengcai.day02.RegistPost10Test -->
