<?xml version="1.0" encoding="UTF-8"?>
<!-- Generated by org.testng.reporters.JUnitReportReporter -->
<testsuite hostname="INAXVKL0D19Z8RU" name="org.chengcai.day04.Delete02Test" tests="5" failures="0" timestamp="26 Aug 2020 07:22:36 GMT" time="19.713" errors="0">
  <testcase name="deleteTest" time="3.210" classname="org.chengcai.day04.Delete02Test"/>
  <testcase name="deleteTest" time="8.458" classname="org.chengcai.day04.Delete02Test"/>
  <testcase name="deleteTest" time="2.207" classname="org.chengcai.day04.Delete02Test"/>
  <testcase name="deleteTest" time="3.569" classname="org.chengcai.day04.Delete02Test"/>
  <testcase name="deleteTest" time="2.269" classname="org.chengcai.day04.Delete02Test"/>
</testsuite> <!-- org.chengcai.day04.Delete02Test -->
