<?xml version="1.0" encoding="UTF-8"?>
<!-- Generated by org.testng.reporters.JUnitReportReporter -->
<testsuite hostname="INAXVKL0D19Z8RU" name="org.chengcai.day05.AccountCharge01Test" tests="15" failures="0" timestamp="26 Aug 2020 08:17:51 GMT" time="241.146" errors="0">
  <testcase name="updateTest" time="19.926" classname="org.chengcai.day05.AccountCharge01Test"/>
  <testcase name="updateTest" time="24.115" classname="org.chengcai.day05.AccountCharge01Test"/>
  <testcase name="updateTest" time="12.490" classname="org.chengcai.day05.AccountCharge01Test"/>
  <testcase name="updateTest" time="13.309" classname="org.chengcai.day05.AccountCharge01Test"/>
  <testcase name="updateTest" time="18.686" classname="org.chengcai.day05.AccountCharge01Test"/>
  <testcase name="updateTest" time="18.380" classname="org.chengcai.day05.AccountCharge01Test"/>
  <testcase name="updateTest" time="18.666" classname="org.chengcai.day05.AccountCharge01Test"/>
  <testcase name="updateTest" time="15.641" classname="org.chengcai.day05.AccountCharge01Test"/>
  <testcase name="updateTest" time="12.627" classname="org.chengcai.day05.AccountCharge01Test"/>
  <testcase name="updateTest" time="14.863" classname="org.chengcai.day05.AccountCharge01Test"/>
  <testcase name="updateTest" time="15.091" classname="org.chengcai.day05.AccountCharge01Test"/>
  <testcase name="updateTest" time="15.245" classname="org.chengcai.day05.AccountCharge01Test"/>
  <testcase name="updateTest" time="13.722" classname="org.chengcai.day05.AccountCharge01Test"/>
  <testcase name="updateTest" time="13.872" classname="org.chengcai.day05.AccountCharge01Test"/>
  <testcase name="updateTest" time="14.513" classname="org.chengcai.day05.AccountCharge01Test"/>
</testsuite> <!-- org.chengcai.day05.AccountCharge01Test -->
