<?xml version="1.0" encoding="UTF-8"?>
<!-- Generated by org.testng.reporters.JUnitReportReporter -->
<testsuite hostname="INAXVKL0D19Z8RU" name="org.chengcai.day05.AccountCharge02Test" tests="1" failures="0" timestamp="16 Sep 2020 12:52:16 GMT" time="6.566" errors="0">
  <testcase name="accountCharge" time="6.566" classname="org.chengcai.day05.AccountCharge02Test"/>
</testsuite> <!-- org.chengcai.day05.AccountCharge02Test -->
