<?xml version="1.0" encoding="UTF-8"?>
<!-- Generated by org.testng.reporters.JUnitReportReporter -->
<testsuite hostname="INAXVKL0D19Z8RU" name="com.chengcai.day02preparedstatement.HomeWork" tests="2" failures="0" timestamp="7 Aug 2020 01:33:30 GMT" time="0.266" errors="0">
  <testcase name="zhuanhuan2" time="0.044" classname="com.chengcai.day02preparedstatement.HomeWork"/>
  <testcase name="zhuanhuan" time="0.222" classname="com.chengcai.day02preparedstatement.HomeWork"/>
</testsuite> <!-- com.chengcai.day02preparedstatement.HomeWork -->
