<?xml version="1.0" encoding="UTF-8"?>
<!-- Generated by org.testng.reporters.JUnitReportReporter -->
<testsuite hostname="INAXVKL0D19Z8RU" name="com.chengcai.day02.Jdbc02" tests="1" failures="0" timestamp="5 Aug 2020 04:01:06 GMT" time="0.224" errors="0">
  <testcase name="testConn" time="0.224" classname="com.chengcai.day02.Jdbc02"/>
</testsuite> <!-- com.chengcai.day02.Jdbc02 -->
