<?xml version="1.0" encoding="UTF-8"?>
<!-- Generated by org.testng.reporters.JUnitReportReporter -->
<testsuite hostname="INAXVKL0D19Z8RU" name="com.chengcai.day02.Jdbc03" tests="1" failures="0" timestamp="5 Aug 2020 04:01:31 GMT" time="0.174" errors="0">
  <testcase name="testConn" time="0.174" classname="com.chengcai.day02.Jdbc03"/>
</testsuite> <!-- com.chengcai.day02.Jdbc03 -->
