<?xml version="1.0" encoding="UTF-8"?>
<!-- Generated by org.testng.reporters.JUnitReportReporter -->
<testsuite hostname="INAXVKL0D19Z8RU" name="com.chengcai.day02preparedstatement.Jdbc01" tests="1" failures="0" timestamp="5 Aug 2020 11:26:53 GMT" time="0.209" errors="0">
  <testcase name="prepared" time="0.209" classname="com.chengcai.day02preparedstatement.Jdbc01"/>
</testsuite> <!-- com.chengcai.day02preparedstatement.Jdbc01 -->
