<?xml version="1.0" encoding="UTF-8"?>
<!-- Generated by org.testng.reporters.JUnitReportReporter -->
<testsuite hostname="INAXVKL0D19Z8RU" name="com.chengcai.day04.Log4jDemo05" tests="1" failures="0" timestamp="7 Aug 2020 09:14:38 GMT" time="0.265" errors="0">
  <testcase name="insertEmp" time="0.265" classname="com.chengcai.day04.Log4jDemo05"/>
</testsuite> <!-- com.chengcai.day04.Log4jDemo05 -->
