<?xml version="1.0" encoding="UTF-8"?>
<!-- Generated by org.testng.reporters.JUnitReportReporter -->
<testsuite hostname="INAXVKL0D19Z8RU" name="com.chengcai.day02.Jdbc06Test" tests="1" failures="0" timestamp="5 Aug 2020 08:57:40 GMT" time="0.213" errors="0">
  <testcase name="stuQuery" time="0.213" classname="com.chengcai.day02.Jdbc06Test"/>
</testsuite> <!-- com.chengcai.day02.Jdbc06Test -->
