<?xml version="1.0" encoding="UTF-8"?>
<!-- Generated by org.testng.reporters.JUnitReportReporter -->
<testsuite hostname="INAXVKL0D19Z8RU" name="com.chengcai.day02.Jdbc05Work" tests="1" failures="0" timestamp="5 Aug 2020 12:15:07 GMT" time="0.210" errors="0">
  <testcase name="prepared" time="0.210" classname="com.chengcai.day02.Jdbc05Work"/>
</testsuite> <!-- com.chengcai.day02.Jdbc05Work -->
