<?xml version="1.0" encoding="UTF-8"?>
<!-- Generated by org.testng.reporters.JUnitReportReporter -->
<testsuite hostname="INAXVKL0D19Z8RU" name="com.chengcai.day01.DataProviderlianxi" tests="2" failures="0" timestamp="3 Aug 2020 12:35:37 GMT" time="0.011" errors="0">
  <testcase name="rncx" time="0.010" classname="com.chengcai.day01.DataProviderlianxi"/>
  <testcase name="rncx" time="0.001" classname="com.chengcai.day01.DataProviderlianxi"/>
</testsuite> <!-- com.chengcai.day01.DataProviderlianxi -->
