<?xml version="1.0" encoding="UTF-8"?>
<!-- Generated by org.testng.reporters.JUnitReportReporter -->
<testsuite hostname="INAXVKL0D19Z8RU" name="chengcai.testngtest.HomeWork02Test" tests="8" failures="0" timestamp="10 Aug 2020 06:18:50 GMT" time="0.872" errors="0">
  <testcase name="test" time="0.363" classname="chengcai.testngtest.HomeWork02Test"/>
  <testcase name="test02" time="0.041" classname="chengcai.testngtest.HomeWork02Test"/>
  <testcase name="test" time="0.108" classname="chengcai.testngtest.HomeWork02Test"/>
  <testcase name="test02" time="0.047" classname="chengcai.testngtest.HomeWork02Test"/>
  <testcase name="test" time="0.105" classname="chengcai.testngtest.HomeWork02Test"/>
  <testcase name="test" time="0.119" classname="chengcai.testngtest.HomeWork02Test"/>
  <testcase name="test02" time="0.047" classname="chengcai.testngtest.HomeWork02Test"/>
  <testcase name="test02" time="0.042" classname="chengcai.testngtest.HomeWork02Test"/>
</testsuite> <!-- chengcai.testngtest.HomeWork02Test -->
