<?xml version="1.0" encoding="UTF-8"?>
<!-- Generated by org.testng.reporters.JUnitReportReporter -->
<testsuite hostname="INAXVKL0D19Z8RU" name="chengcai.testngtest.HomeWork" tests="1" failures="0" timestamp="8 Aug 2020 09:38:30 GMT" time="0.321" errors="0">
  <testcase name="insertzyb" time="0.321" classname="chengcai.testngtest.HomeWork"/>
</testsuite> <!-- chengcai.testngtest.HomeWork -->
